0 info it worked if it ends with ok
1 verbose cli [ 'node', '/usr/local/bin/npm', 'run', 'test-mocha' ]
2 info using npm@2.11.1
3 info using node@v0.10.25
4 verbose node symlink /usr/bin/node
5 verbose run-script [ 'pretest-mocha', 'test-mocha', 'posttest-mocha' ]
6 info pretest-mocha fhirbase@0.0.1
7 info test-mocha fhirbase@0.0.1
8 verbose unsafe-perm in lifecycle true
9 info fhirbase@0.0.1 Failed to exec test-mocha script
10 verbose stack Error: fhirbase@0.0.1 test-mocha: `node_modules/mocha/bin/mocha -w --compilers coffee:coffee-script/register ./spec/fhir/params_spec.coffee`
10 verbose stack Exit status 8
10 verbose stack     at EventEmitter.<anonymous> (/usr/local/lib/node_modules/npm/lib/utils/lifecycle.js:213:16)
10 verbose stack     at EventEmitter.emit (events.js:98:17)
10 verbose stack     at ChildProcess.<anonymous> (/usr/local/lib/node_modules/npm/lib/utils/spawn.js:24:14)
10 verbose stack     at ChildProcess.EventEmitter.emit (events.js:98:17)
10 verbose stack     at maybeClose (child_process.js:743:16)
10 verbose stack     at Process.ChildProcess._handle.onexit (child_process.js:810:5)
11 verbose pkgid fhirbase@0.0.1
12 verbose cwd /home/aitem/Work/fhirbase-plv8
13 error Linux 3.16.0-41-generic
14 error argv "node" "/usr/local/bin/npm" "run" "test-mocha"
15 error node v0.10.25
16 error npm  v2.11.1
17 error code ELIFECYCLE
18 error fhirbase@0.0.1 test-mocha: `node_modules/mocha/bin/mocha -w --compilers coffee:coffee-script/register ./spec/fhir/params_spec.coffee`
18 error Exit status 8
19 error Failed at the fhirbase@0.0.1 test-mocha script 'node_modules/mocha/bin/mocha -w --compilers coffee:coffee-script/register ./spec/fhir/params_spec.coffee'.
19 error This is most likely a problem with the fhirbase package,
19 error not with npm itself.
19 error Tell the author that this fails on your system:
19 error     node_modules/mocha/bin/mocha -w --compilers coffee:coffee-script/register ./spec/fhir/params_spec.coffee
19 error You can get their info via:
19 error     npm owner ls fhirbase
19 error There is likely additional logging output above.
20 verbose exit [ 1, true ]
